c:\users\nikih\desktop\programming\c++\cmp5327-c-programming-for-games-assessment-bravesmartdild\shootergame\gameloop\gameloop\debug\gameloop.pch.codeanalysis
c:\users\nikih\desktop\programming\c++\cmp5327-c-programming-for-games-assessment-bravesmartdild\shootergame\gameloop\gameloop\debug\vc141.pdb
c:\users\nikih\desktop\programming\c++\cmp5327-c-programming-for-games-assessment-bravesmartdild\shootergame\gameloop\gameloop\debug\vc141.idb
c:\users\nikih\desktop\programming\c++\cmp5327-c-programming-for-games-assessment-bravesmartdild\shootergame\gameloop\gameloop\debug\gameloop.pch.codeanalysisast
c:\users\nikih\desktop\programming\c++\cmp5327-c-programming-for-games-assessment-bravesmartdild\shootergame\gameloop\gameloop\debug\main.nativecodeanalysis.xml
c:\users\nikih\desktop\programming\c++\cmp5327-c-programming-for-games-assessment-bravesmartdild\shootergame\gameloop\gameloop\debug\main.obj
c:\users\nikih\desktop\programming\c++\cmp5327-c-programming-for-games-assessment-bravesmartdild\shootergame\gameloop\gameloop\debug\tilemap.nativecodeanalysis.xml
c:\users\nikih\desktop\programming\c++\cmp5327-c-programming-for-games-assessment-bravesmartdild\shootergame\gameloop\gameloop\debug\textrenderer.nativecodeanalysis.xml
c:\users\nikih\desktop\programming\c++\cmp5327-c-programming-for-games-assessment-bravesmartdild\shootergame\gameloop\gameloop\debug\player.nativecodeanalysis.xml
c:\users\nikih\desktop\programming\c++\cmp5327-c-programming-for-games-assessment-bravesmartdild\shootergame\gameloop\gameloop\debug\gameloop.nativecodeanalysis.xml
c:\users\nikih\desktop\programming\c++\cmp5327-c-programming-for-games-assessment-bravesmartdild\shootergame\gameloop\gameloop\debug\bulletmanager.nativecodeanalysis.xml
c:\users\nikih\desktop\programming\c++\cmp5327-c-programming-for-games-assessment-bravesmartdild\shootergame\gameloop\gameloop\debug\bulletmanager.obj
c:\users\nikih\desktop\programming\c++\cmp5327-c-programming-for-games-assessment-bravesmartdild\shootergame\gameloop\gameloop\debug\gameloop.obj
c:\users\nikih\desktop\programming\c++\cmp5327-c-programming-for-games-assessment-bravesmartdild\shootergame\gameloop\gameloop\debug\player.obj
c:\users\nikih\desktop\programming\c++\cmp5327-c-programming-for-games-assessment-bravesmartdild\shootergame\gameloop\gameloop\debug\textrenderer.obj
c:\users\nikih\desktop\programming\c++\cmp5327-c-programming-for-games-assessment-bravesmartdild\shootergame\gameloop\gameloop\debug\tilemap.obj
c:\users\nikih\desktop\programming\c++\cmp5327-c-programming-for-games-assessment-bravesmartdild\shootergame\gameloop\debug\gameloop.ilk
c:\users\nikih\desktop\programming\c++\cmp5327-c-programming-for-games-assessment-bravesmartdild\shootergame\gameloop\debug\gameloop.exe
c:\users\nikih\desktop\programming\c++\cmp5327-c-programming-for-games-assessment-bravesmartdild\shootergame\gameloop\debug\gameloop.pdb
c:\users\nikih\desktop\programming\c++\cmp5327-c-programming-for-games-assessment-bravesmartdild\shootergame\gameloop\gameloop\debug\nativecodeanalysis.read.1.tlog
c:\users\nikih\desktop\programming\c++\cmp5327-c-programming-for-games-assessment-bravesmartdild\shootergame\gameloop\gameloop\debug\vc.nativecodeanalysis.all.xml
c:\users\nikih\desktop\programming\c++\cmp5327-c-programming-for-games-assessment-bravesmartdild\shootergame\gameloop\debug\gameloop.exe.lastcodeanalysissucceeded
c:\users\nikih\desktop\programming\c++\cmp5327-c-programming-for-games-assessment-bravesmartdild\shootergame\gameloop\gameloop\debug\gameloop.tlog\cl.command.1.tlog
c:\users\nikih\desktop\programming\c++\cmp5327-c-programming-for-games-assessment-bravesmartdild\shootergame\gameloop\gameloop\debug\gameloop.tlog\cl.read.1.tlog
c:\users\nikih\desktop\programming\c++\cmp5327-c-programming-for-games-assessment-bravesmartdild\shootergame\gameloop\gameloop\debug\gameloop.tlog\cl.write.1.tlog
c:\users\nikih\desktop\programming\c++\cmp5327-c-programming-for-games-assessment-bravesmartdild\shootergame\gameloop\gameloop\debug\gameloop.tlog\link.command.1.tlog
c:\users\nikih\desktop\programming\c++\cmp5327-c-programming-for-games-assessment-bravesmartdild\shootergame\gameloop\gameloop\debug\gameloop.tlog\link.read.1.tlog
c:\users\nikih\desktop\programming\c++\cmp5327-c-programming-for-games-assessment-bravesmartdild\shootergame\gameloop\gameloop\debug\gameloop.tlog\link.write.1.tlog
