c:\users\nikih\desktop\programming\c++\cmp5327-c-programming-for-games-assessment-bravesmartdild\shootergame\gameloop\gameloop\release\gameloop.pch
c:\users\nikih\desktop\programming\c++\cmp5327-c-programming-for-games-assessment-bravesmartdild\shootergame\gameloop\gameloop\release\vc141.pdb
c:\users\nikih\desktop\programming\c++\cmp5327-c-programming-for-games-assessment-bravesmartdild\shootergame\gameloop\gameloop\release\main.obj
c:\users\nikih\desktop\programming\c++\cmp5327-c-programming-for-games-assessment-bravesmartdild\shootergame\gameloop\gameloop\release\vc142.pdb
c:\users\nikih\desktop\programming\c++\cmp5327-c-programming-for-games-assessment-bravesmartdild\shootergame\gameloop\gameloop\release\tilemap.obj
c:\users\nikih\desktop\programming\c++\cmp5327-c-programming-for-games-assessment-bravesmartdild\shootergame\gameloop\gameloop\release\textrenderer.obj
c:\users\nikih\desktop\programming\c++\cmp5327-c-programming-for-games-assessment-bravesmartdild\shootergame\gameloop\gameloop\release\player.obj
c:\users\nikih\desktop\programming\c++\cmp5327-c-programming-for-games-assessment-bravesmartdild\shootergame\gameloop\gameloop\release\gameloop.obj
c:\users\nikih\desktop\programming\c++\cmp5327-c-programming-for-games-assessment-bravesmartdild\shootergame\gameloop\gameloop\release\bulletmanager.obj
c:\users\nikih\desktop\programming\c++\cmp5327-c-programming-for-games-assessment-bravesmartdild\shootergame\gameloop\release\gameloop.ipdb
c:\users\nikih\desktop\programming\c++\cmp5327-c-programming-for-games-assessment-bravesmartdild\shootergame\gameloop\release\gameloop.iobj
c:\users\nikih\desktop\programming\c++\cmp5327-c-programming-for-games-assessment-bravesmartdild\shootergame\gameloop\release\gameloop.exe
c:\users\nikih\desktop\programming\c++\cmp5327-c-programming-for-games-assessment-bravesmartdild\shootergame\gameloop\release\gameloop.pdb
c:\users\nikih\desktop\programming\c++\cmp5327-c-programming-for-games-assessment-bravesmartdild\shootergame\gameloop\gameloop\release\gameloop.tlog\cl.command.1.tlog
c:\users\nikih\desktop\programming\c++\cmp5327-c-programming-for-games-assessment-bravesmartdild\shootergame\gameloop\gameloop\release\gameloop.tlog\cl.read.1.tlog
c:\users\nikih\desktop\programming\c++\cmp5327-c-programming-for-games-assessment-bravesmartdild\shootergame\gameloop\gameloop\release\gameloop.tlog\cl.write.1.tlog
c:\users\nikih\desktop\programming\c++\cmp5327-c-programming-for-games-assessment-bravesmartdild\shootergame\gameloop\gameloop\release\gameloop.tlog\gameloop.write.1u.tlog
c:\users\nikih\desktop\programming\c++\cmp5327-c-programming-for-games-assessment-bravesmartdild\shootergame\gameloop\gameloop\release\gameloop.tlog\link.command.1.tlog
c:\users\nikih\desktop\programming\c++\cmp5327-c-programming-for-games-assessment-bravesmartdild\shootergame\gameloop\gameloop\release\gameloop.tlog\link.delete.1.tlog
c:\users\nikih\desktop\programming\c++\cmp5327-c-programming-for-games-assessment-bravesmartdild\shootergame\gameloop\gameloop\release\gameloop.tlog\link.read.1.tlog
c:\users\nikih\desktop\programming\c++\cmp5327-c-programming-for-games-assessment-bravesmartdild\shootergame\gameloop\gameloop\release\gameloop.tlog\link.write.1.tlog
